10 0.000010 2.000000 0.100000 10 0.1240087750 0.8148425467 0.0127632055 0.0127632055 0.8374263844
11 0.000010 2.000000 0.100000 11 0.1571698170 0.8209140832 0.0126840561 0.0126840561 0.8394364903
12 0.000010 2.000000 0.100000 12 0.2126055850 0.8239516991 0.0126416058 0.0126416058 0.8405094242
13 0.000010 2.000000 0.100000 13 0.2446127820 0.8269213742 0.0124609287 0.0124609287 0.8450358058
14 0.000010 2.000000 0.100000 14 0.2940495240 0.8290173551 0.0124151366 0.0124151366 0.8461726550
15 0.000010 2.000000 0.100000 15 0.3531660900 0.8308386696 0.0122319191 0.0122319191 0.8506793960
16 0.000010 2.000000 0.100000 16 0.4217885810 0.8326313649 0.0121637973 0.0121637973 0.8523379502
17 0.000010 2.000000 0.100000 17 0.4959888060 0.8345142842 0.0125717861 0.0125717861 0.8422662940
18 0.000010 2.000000 0.100000 18 0.6008807430 0.8363297905 0.0122732591 0.0122732591 0.8496683775
19 0.000010 2.000000 0.100000 19 0.6973567200 0.8380839749 0.0122489529 0.0122489529 0.8502632259
20 0.000010 2.000000 0.100000 20 0.7817775460 0.8395391015 0.0122105749 0.0122105749 0.8512000564
21 0.000010 2.000000 0.100000 21 0.9183462560 0.8407075955 0.0122042970 0.0122042970 0.8513530256
22 0.000010 2.000000 0.100000 22 1.0358145150 0.8422381513 0.0121745876 0.0121745876 0.8520758567
23 0.000010 2.000000 0.100000 23 1.1864045830 0.8437992238 0.0121205975 0.0121205975 0.8533849335
24 0.000010 2.000000 0.100000 24 1.3589011760 0.8448792921 0.0120711158 0.0120711158 0.8545795875
25 0.000010 2.000000 0.100000 25 1.5358085280 0.8458454712 0.0120022826 0.0120022826 0.8562333211
26 0.000010 2.000000 0.100000 26 1.7300816610 0.8468261810 0.0119682828 0.0119682828 0.8570466862
27 0.000010 2.000000 0.100000 27 1.9449521430 0.8478341199 0.0119402216 0.0119402216 0.8577162448
28 0.000010 2.000000 0.100000 28 2.1786498370 0.8489196161 0.0119028423 0.0119028423 0.8586057008
29 0.000010 2.000000 0.100000 29 2.4283115010 0.8498792139 0.0118969598 0.0118969598 0.8587454228
30 0.000010 2.000000 0.100000 30 2.6966400220 0.8507367017 0.0118865183 0.0118865183 0.8589932608
31 0.000010 2.000000 0.100000 31 2.9747940920 0.8514964999 0.0117583044 0.0117583044 0.8620187926
32 0.000010 2.000000 0.100000 32 3.3142746780 0.8522772741 0.0117357706 0.0117357706 0.8625471452
33 0.000010 2.000000 0.100000 33 3.6357426760 0.8530170573 0.0117204855 0.0117204855 0.8629049600
34 0.000010 2.000000 0.100000 34 3.9812067710 0.8537566529 0.0117049382 0.0117049382 0.8632684321
35 0.000010 2.000000 0.100000 35 4.3995931040 0.8544619342 0.0116668785 0.0116668785 0.8641561784
36 0.000010 2.000000 0.100000 36 4.7563673630 0.8551684810 0.0116307185 0.0116307185 0.8649969344
37 0.000010 2.000000 0.100000 37 5.2186186160 0.8559372917 0.0116270079 0.0116270079 0.8650830630
38 0.000010 2.000000 0.100000 38 5.6689860160 0.8566084309 0.0116060258 0.0116060258 0.8655695638
39 0.000010 2.000000 0.100000 39 6.2402161890 0.8572389441 0.0115170365 0.0115170365 0.8676231536
40 0.000010 2.000000 0.100000 40 6.7900680200 0.8577662042 0.0115152346 0.0115152346 0.8676645723
41 0.000010 2.000000 0.100000 41 7.3917573980 0.8583225086 0.0115134220 0.0115134220 0.8677062311
42 0.000010 2.000000 0.100000 42 8.0985034200 0.8588510522 0.0115090446 0.0115090446 0.8678068079
43 0.000010 2.000000 0.100000 43 8.7691755430 0.8593448576 0.0115068448 0.0115068448 0.8678573369
44 0.000010 2.000000 0.100000 44 9.9397469530 0.8598569758 0.0114851248 0.0114851248 0.8683557251
45 0.000010 2.000000 0.100000 45 10.4047512820 0.8603279157 0.0114491523 0.0114491523 0.8691790774
46 0.000010 2.000000 0.100000 46 11.5759805410 0.8607955477 0.0114475115 0.0114475115 0.8692165709
47 0.000010 2.000000 0.100000 47 11.6384676680 0.8612553167 0.0114472975 0.0114472975 0.8692214604
48 0.000010 2.000000 0.100000 48 12.7605045850 0.8617083165 0.0114106494 0.0114106494 0.8700574863
49 0.000010 2.000000 0.100000 49 13.4581784080 0.8621552513 0.0114092715 0.0114092715 0.8700888657
50 0.000010 2.000000 0.100000 50 14.2590068900 0.8626987886 0.0113874420 0.0113874420 0.8705855120
51 0.000010 2.000000 0.100000 51 15.6031522320 0.8631287301 0.0113859762 0.0113859762 0.8706188278
52 0.000010 2.000000 0.100000 52 16.2247717640 0.8635962241 0.0113850179 0.0113850179 0.8706406041
53 0.000010 2.000000 0.100000 53 17.5791289950 0.8640077662 0.0113827143 0.0113827143 0.8706929470
54 0.000010 2.000000 0.100000 54 18.4658953360 0.8644218418 0.0113813653 0.0113813653 0.8707235954
55 0.000010 2.000000 0.100000 55 19.7330789100 0.8648223770 0.0113497456 0.0113497456 0.8714409092
56 0.000010 2.000000 0.100000 56 20.8674963980 0.8652329061 0.0113431962 0.0113431962 0.8715892351
57 0.000010 2.000000 0.100000 57 23.0276560960 0.8656336163 0.0113415539 0.0113415539 0.8716264167
58 0.000010 2.000000 0.100000 58 23.7861051170 0.8660115354 0.0113312234 0.0113312234 0.8718601706
59 0.000010 2.000000 0.100000 59 25.6517564830 0.8663765828 0.0113310240 0.0113310240 0.8718646804
60 0.000010 2.000000 0.100000 60 27.4074774160 0.8668076777 0.0113279662 0.0113279662 0.8719338278
61 0.000010 2.000000 0.100000 61 27.6664946520 0.8671653081 0.0113253871 0.0113253871 0.8719921366
62 0.000010 2.000000 0.100000 62 29.2299064900 0.8675123584 0.0112779805 0.0112779805 0.8730615418
63 0.000010 2.000000 0.100000 63 30.8424658520 0.8678936574 0.0112696434 0.0112696434 0.8732491467
64 0.000010 2.000000 0.100000 64 32.3607774680 0.8682017808 0.0112491356 0.0112491356 0.8737100336
65 0.000010 2.000000 0.100000 65 34.0506270050 0.8685056136 0.0112480390 0.0112480390 0.8737346563
66 0.000010 2.000000 0.100000 66 35.9133736700 0.8688149534 0.0112415944 0.0112415944 0.8738793015
67 0.000010 2.000000 0.100000 67 37.9496341850 0.8691458358 0.0112370069 0.0112370069 0.8739822155
68 0.000010 2.000000 0.100000 68 39.7370674510 0.8694386335 0.0112354575 0.0112354575 0.8740169664
69 0.000010 2.000000 0.100000 69 41.6151620150 0.8697067382 0.0112113586 0.0112113586 0.8745568277
70 0.000010 2.000000 0.100000 70 43.7450890640 0.8699731918 0.0112097510 0.0112097510 0.8745927998
71 0.000010 2.000000 0.100000 71 46.2100607730 0.8702417198 0.0112086113 0.0112086113 0.8746182977
72 0.000010 2.000000 0.100000 72 47.9973635370 0.8705099066 0.0111803519 0.0111803519 0.8752497315
73 0.000010 2.000000 0.100000 73 50.5780384000 0.8707723777 0.0111546151 0.0111546151 0.8758234121
74 0.000010 2.000000 0.100000 74 52.8783482710 0.8711410893 0.0111482788 0.0111482788 0.8759644480
75 0.000010 2.000000 0.100000 75 54.9788105270 0.8713961414 0.0111482788 0.0111482788 0.8759644480
76 0.000010 2.000000 0.100000 76 57.7264811710 0.8716396467 0.0111310351 0.0111310351 0.8763478566
77 0.000010 2.000000 0.100000 77 60.4158334500 0.8719057581 0.0111283706 0.0111283706 0.8764070492
78 0.000010 2.000000 0.100000 78 63.1630284820 0.8721424923 0.0111110934 0.0111110934 0.8767905162
79 0.000010 2.000000 0.100000 79 66.0571769180 0.8723743078 0.0111008748 0.0111008748 0.8770170381
80 0.000010 2.000000 0.100000 80 68.9535709600 0.8726473729 0.0110892038 0.0110892038 0.8772754998
81 0.000010 2.000000 0.100000 81 71.9608423880 0.8728698377 0.0110714071 0.0110714071 0.8776690960
82 0.000010 2.000000 0.100000 82 74.8805350560 0.8731429252 0.0110706014 0.0110706014 0.8776869009
83 0.000010 2.000000 0.100000 83 78.6076866450 0.8733627946 0.0110706014 0.0110706014 0.8776869009
84 0.000010 2.000000 0.100000 84 81.1953480350 0.8735828986 0.0110520546 0.0110520546 0.8780963843
85 0.000010 2.000000 0.100000 85 84.5816580530 0.8738014523 0.0110427157 0.0110427157 0.8783023134
86 0.000010 2.000000 0.100000 86 88.0989851700 0.8740161036 0.0110413003 0.0110413003 0.8783335094
87 0.000010 2.000000 0.100000 87 91.4744813160 0.8742460082 0.0110050847 0.0110050847 0.8791303341
88 0.000010 2.000000 0.100000 88 95.1388639290 0.8744668343 0.0110050526 0.0110050526 0.8791310385
89 0.000010 2.000000 0.100000 89 99.7714429170 0.8746970072 0.0109777862 0.0109777862 0.8797292332
90 0.000010 2.000000 0.100000 90 103.1916369540 0.8748975298 0.0109606208 0.0109606208 0.8801050611
91 0.000010 2.000000 0.100000 91 106.7490491420 0.8750995155 0.0109282371 0.0109282371 0.8808124870
92 0.000010 2.000000 0.100000 92 110.5327626060 0.8753018996 0.0109075974 0.0109075974 0.8812622711
93 0.000010 2.000000 0.100000 93 115.0890566510 0.8755177855 0.0108971637 0.0108971637 0.8814893201
94 0.000010 2.000000 0.100000 94 118.9473038450 0.8757320482 0.0108941047 0.0108941047 0.8815558465
95 0.000010 2.000000 0.100000 95 123.1094289840 0.8759391465 0.0108906126 0.0108906126 0.8816317687
96 0.000010 2.000000 0.100000 96 127.6976297120 0.8761424693 0.0108467004 0.0108467004 0.8825843931
97 0.000010 2.000000 0.100000 97 132.6242644970 0.8763393620 0.0108466723 0.0108466723 0.8825850008
98 0.000010 2.000000 0.100000 98 137.0903274470 0.8765328945 0.0108395687 0.0108395687 0.8827387423
99 0.000010 2.000000 0.100000 99 141.6730791780 0.8767249134 0.0107806505 0.0107806505 0.8840100195
100 0.000010 2.000000 0.100000 100 146.3949432940 0.8769076351 0.0107543608 0.0107543608 0.8845750363
