5 7 0.003916 0.004118 0.000503 0.000735
6 8 0.006906 0.008231 0.000474 0.000725
7 8 0.004540 0.004741 0.000599 0.000821
8 13 0.005532 0.000898 0.000668 0.000832
9 11 0.005586 0.011445 0.000789 0.001491
11 11 0.014151 0.014151 0.001851 0.001677
12 12 0.007441 0.007441 0.001567 0.001845
12 12 0.014683 0.014683 0.002188 0.002023
13 13 0.012943 0.012943 0.002133 0.002307
15 13 0.012628 0.009727 0.003116 0.002560
14 14 0.020776 0.020776 0.002619 0.002843
16 16 0.018995 0.018995 0.003479 0.003624
15 15 0.011678 0.011678 0.004117 0.004137
16 23 0.014781 0.001596 0.004143 0.003548
19 19 0.023996 0.023996 0.006035 0.004219
20 20 0.024704 0.024704 0.006213 0.005071
19 19 0.035903 0.035903 0.006825 0.004609
18 18 0.024104 0.024104 0.004545 0.004590
20 20 0.023942 0.023942 0.007144 0.005525
20 20 0.020060 0.020060 0.006958 0.005182
21 21 0.028739 0.028739 0.007546 0.005993
23 23 0.024485 0.024485 0.010642 0.006193
23 23 0.015818 0.015818 0.008984 0.006377
22 22 0.022130 0.022130 0.010582 0.006679
24 24 0.022216 0.022216 0.010445 0.008295
27 29 0.035703 0.002686 0.012637 0.009463
25 25 0.017228 0.017228 0.019242 0.008639
26 25 0.020152 0.015616 0.017228 0.009399
26 26 0.026101 0.026101 0.016140 0.010887
27 27 0.037005 0.037005 0.019285 0.011625
30 30 0.048413 0.048413 0.022782 0.014771
31 34 0.033069 0.003081 0.027677 0.015694
29 29 0.039596 0.039596 0.024371 0.015000
31 31 0.034517 0.034517 0.026842 0.017954
31 31 0.053781 0.053781 0.032897 0.017225
31 31 0.023775 0.023775 0.031775 0.018791
35 33 0.046731 0.042311 0.040739 0.020676
35 35 0.031096 0.031096 0.037710 0.024885
34 33 0.041851 0.041604 0.041393 0.021934
37 35 0.048567 0.047182 0.038355 0.026306
38 38 0.036740 0.036740 0.044925 0.031145
39 39 0.036187 0.036187 0.056008 0.034332
39 39 0.058831 0.058831 0.060823 0.034177
39 38 0.065030 0.063701 0.063979 0.036639
39 39 0.039949 0.039949 0.079086 0.034760
40 40 0.047249 0.047249 0.073958 0.039353
40 39 0.036292 0.034842 0.064650 0.039279
40 40 0.037993 0.037993 0.080504 0.041941
45 44 0.038361 0.038239 0.095045 0.051731
42 40 0.051493 0.048539 0.089939 0.045007
43 43 0.063272 0.063272 0.115738 0.050273
43 43 0.058766 0.058766 0.117770 0.054673
45 45 0.040957 0.040957 0.103142 0.063427
45 45 0.060658 0.060658 0.122781 0.061750
45 45 0.052208 0.052208 0.140772 0.062742
48 48 0.038708 0.038708 0.146865 0.071492
48 48 0.049637 0.049637 0.177735 0.074958
46 46 0.043300 0.043300 0.168212 0.070332
49 49 0.066329 0.066329 0.180261 0.082936
49 49 0.044367 0.044367 0.198509 0.081556
52 53 0.057057 0.005148 0.207619 0.101199
50 50 0.047273 0.047273 0.225287 0.090763
50 50 0.050470 0.050470 0.239273 0.092811
52 52 0.056206 0.056206 0.273329 0.100670
53 53 0.057211 0.057211 0.304501 0.103555
56 56 0.045655 0.045655 0.290181 0.128094
51 50 0.048169 0.047418 0.293694 0.101447
55 55 0.063447 0.063447 0.355743 0.118324
53 78 0.062114 0.005251 0.282153 0.121344
56 56 0.069482 0.069482 0.352001 0.133493
60 60 0.077650 0.077650 0.410362 0.153411
61 61 0.090603 0.090603 0.390275 0.169603
59 59 0.059639 0.059639 0.439857 0.159947
60 60 0.066077 0.066077 0.464841 0.164501
60 57 0.076096 0.074218 0.452790 0.153815
63 62 0.063407 0.061446 0.555638 0.181236
63 61 0.059186 0.058534 0.571399 0.181245
61 61 0.059692 0.059692 0.588183 0.179894
62 62 0.075538 0.075538 0.544878 0.200011
63 61 0.055570 0.048866 0.582252 0.192677
63 63 0.082476 0.082476 0.632637 0.213755
68 68 0.068215 0.068215 0.627819 0.252439
67 92 0.076084 0.006623 0.676700 0.246739
65 62 0.068608 0.066392 0.651252 0.225035
65 65 0.068684 0.068684 0.762775 0.237406
70 70 0.063816 0.063816 0.837721 0.284019
70 70 0.082319 0.082319 0.795262 0.291667
69 69 0.064629 0.064629 0.819803 0.287397
70 70 0.072476 0.072476 0.925026 0.302101
73 73 0.071237 0.071237 0.999192 0.328958
72 69 0.072506 0.070424 0.851443 0.310686
75 75 0.092803 0.092803 1.029101 0.370428
70 70 0.078136 0.078136 1.147602 0.303695
75 74 0.070831 0.069301 1.104804 0.362367
76 76 0.076947 0.076947 1.267211 0.386895
73 72 0.071827 0.059109 1.205104 0.350002
79 79 0.076289 0.076289 1.298744 0.444718
79 79 0.091524 0.091524 1.438933 0.427808
78 78 0.098767 0.098767 1.332994 0.438514
78 77 0.074274 0.073772 1.458222 0.424491
77 77 0.095005 0.095005 1.485748 0.439473
81 80 0.101618 0.100959 1.817794 0.446757
85 83 0.082102 0.080625 1.833911 0.504684
82 82 0.089580 0.089580 1.826492 0.519036
82 82 0.102921 0.102921 1.562626 0.538106
81 81 0.089409 0.089409 1.687550 0.527057
82 82 0.101604 0.101604 1.989128 0.517359
84 84 0.088572 0.088572 2.140514 0.558198
82 82 0.097806 0.097806 2.030550 0.548470
88 88 0.077192 0.077192 2.274061 0.660261
81 81 0.073608 0.073608 2.290451 0.541039
88 86 0.102415 0.099257 2.197240 0.642001
88 88 0.091470 0.091470 2.590810 0.660339
91 88 0.125713 0.124114 2.731694 0.658873
92 92 0.103216 0.103216 2.864756 0.744912
88 86 0.119146 0.117384 2.903649 0.645200
90 126 0.127739 0.008854 2.770424 0.763661
93 93 0.098646 0.098646 2.879308 0.805047
93 92 0.102831 0.102245 3.447540 0.752615
91 91 0.099579 0.099579 3.131856 0.764841
94 130 0.095696 0.009241 3.248307 0.847084
95 95 0.088802 0.088802 3.421364 0.899528
96 96 0.097042 0.097042 3.438639 0.947014
94 93 0.117304 0.116745 3.294048 0.910113
101 101 0.111323 0.111323 4.022314 1.009796
100 100 0.112169 0.112169 4.392125 0.978704
96 95 0.117507 0.117197 3.881243 0.949633
99 99 0.111462 0.111462 4.347704 1.013126
99 99 0.097089 0.097089 4.269167 1.079281
95 95 0.117520 0.117520 3.895976 1.009539
101 100 0.116721 0.116275 4.700999 1.114020
102 102 0.112787 0.112787 4.384619 1.232573
100 100 0.117112 0.117112 4.806243 1.128527
102 101 0.139168 0.138984 5.289171 1.122664
106 106 0.116960 0.116960 5.410572 1.305223
106 106 0.122836 0.122836 5.203717 1.297808
102 102 0.117730 0.117730 5.111387 1.260027
106 105 0.100946 0.098334 5.207133 1.331882
105 104 0.130339 0.129938 6.281217 1.263463
105 105 0.115945 0.115945 5.976924 1.337368
109 109 0.115629 0.115629 5.956396 1.475339
108 108 0.093572 0.093572 6.180028 1.487365
113 113 0.141374 0.141374 7.610875 1.537353
109 109 0.118112 0.118112 5.788947 1.555353
112 108 0.124724 0.121003 6.837705 1.492145
113 113 0.129310 0.129310 7.034919 1.681620
110 110 0.113068 0.113068 7.528406 1.569737
113 113 0.136809 0.136809 7.277738 1.730244
110 109 0.144899 0.144543 6.993847 1.633535
112 112 0.126009 0.126009 8.272611 1.692309
114 113 0.128600 0.127714 7.761503 1.764383
119 119 0.141339 0.141339 9.098775 1.942299
118 118 0.128346 0.128346 8.909438 1.930069
118 118 0.117739 0.117739 9.444004 1.905216
115 113 0.105386 0.100530 9.004538 1.812262
120 120 0.144903 0.144903 10.285461 2.077546
118 118 0.122927 0.122927 9.527963 2.061375
120 119 0.153100 0.150709 8.743527 2.220616
120 120 0.110048 0.110048 11.144964 2.106580
123 123 0.121345 0.121345 11.779968 2.262355
119 119 0.129603 0.129603 10.573923 2.139650
122 122 0.125194 0.125194 11.785545 2.293216
123 123 0.137563 0.137563 13.338390 2.256312
121 121 0.159638 0.159638 11.486603 2.348559
123 123 0.134896 0.134896 12.983639 2.356847
122 122 0.142456 0.142456 13.529497 2.285714
125 125 0.145189 0.145189 13.593336 2.509247
126 126 0.134300 0.134300 13.811423 2.627482
127 126 0.133939 0.133805 13.633418 2.607686
130 130 0.142750 0.142750 13.603569 2.821795
126 126 0.123875 0.123875 14.178860 2.706660
128 128 0.150246 0.150246 14.532459 2.755570
129 129 0.126444 0.126444 13.568383 2.891699
131 131 0.145879 0.145879 16.159966 2.983387
135 135 0.126076 0.126076 16.853852 3.143564
135 135 0.133776 0.133776 18.088199 3.236458
133 132 0.115336 0.115231 16.839958 3.112574
136 136 0.138505 0.138505 18.708173 3.277079
135 133 0.148146 0.147852 17.036210 3.197740
136 136 0.147998 0.147998 18.032298 3.435956
135 135 0.157929 0.157929 18.938594 3.379588
137 136 0.130565 0.129983 19.498171 3.437821
134 134 0.136410 0.136410 20.562300 3.325879
138 138 0.137218 0.137218 21.283324 3.599873
140 140 0.134226 0.134226 20.450273 3.862111
138 136 0.133353 0.132806 20.225970 3.632066
144 144 0.157837 0.157837 23.153821 4.026940
141 141 0.136931 0.136931 23.731560 4.119538
143 143 0.162184 0.162184 23.521885 4.155724
138 137 0.156777 0.156495 21.727644 3.809644

