21981  0.9  83728
21981  0.2  33144
21981  0.2  33144
21981  0.2  33144
21981  0.2  33144
21981  0.2  33144
21981  0.2  33144
21981  0.2  33144
21981  0.2  33144
21981  0.2  33144
21981  0.2  33144
21981  0.2  33144
21981  0.2  33144
21981  0.2  33148
21981  0.2  33148
21981  0.2  33152
21981  0.2  33152
21981  0.2  33156
21981  0.2  33156
21981  0.2  33156
21981  0.2  33160
21981  0.2  33160
21981  0.2  33164
21981  0.2  33164
21981  0.2  33164
21981  0.2  33168
21981  0.2  33168
21981  0.2  33168
21981  0.2  33168
21981  0.2  33172
21981  0.2  33172
21981  0.2  33172
21981  0.2  33176
21981  0.2  33176
21981  0.2  33176
21981  0.2  33176
21981  0.2  33180
21981  0.2  33180
21981  0.2  33180
21981  0.2  33180
21981  0.2  33180
21981  0.2  33184
21981  0.2  33184
21981  0.2  33184
21981  0.2  33184
21981  0.2  33188
21981  0.2  33188
21981  0.2  33188
21981  0.2  33188
21981  0.2  33188
21981  0.2  33192
21981  0.2  33192
21981  0.2  33192
21981  0.2  33192
21981  0.2  33192
21981  0.2  33192
21981  0.2  33196
21981  0.2  33196
21981  0.2  33196
21981  0.2  33196
21981  0.2  33196
21981  0.2  33196
21981  0.2  33200
21981  0.2  33200
21981  0.2  33200
21981  0.2  33200
21981  0.2  33200
21981  0.2  33200
21981  0.2  33200
21981  0.2  33204
21981  0.2  33204
21981  0.2  33204
21981  0.2  33204
21981  0.2  33204
21981  0.2  33204
21981  0.2  33204
21981  0.2  33208
21981  0.2  33208
21981  0.2  33208
21981  0.2  33208
21981  0.2  33208
21981  0.2  33208
21981  0.2  33208
21981  0.2  33208
21981  0.2  33212
21981  0.2  33212
21981  0.2  33212
21981  0.2  33212
21981  0.2  33212
21981  0.2  33212
21981  0.2  33212
21981  0.2  33212
21981  0.2  33212
21981  0.2  33216
21981  0.2  33216
21981  0.2  33216
21981  0.2  33216
21981  0.2  33216
21981  0.2  33216
21981  0.2  33216
21981  0.2  33216
21981  0.2  33216
21981  0.2  33220
21981  0.2  33220
21981  0.2  33220
21981  0.2  33220
21981  0.2  33220
21981  0.2  33220
21981  0.2  33220
21981  0.2  33220
21981  0.2  33220
21981  0.2  33220
21981  0.2  33224
21981  0.2  33224
21981  0.2  33224
21981  0.2  33224
21981  0.2  33224
21981  0.2  33224
21981  0.2  33224
21981  0.2  33224
21981  0.2  33224
21981  0.2  33224
21981  0.2  33228
21981  0.2  33228
21981  0.2  33228
21981  0.2  33228
21981  0.2  33228
21981  0.2  33228
21981  0.2  33228
21981  0.2  33228
21981  0.2  33228
21981  0.2  33228
21981  0.2  33228
21981  0.2  33228
21981  0.2  33232
21981  0.2  33232
21981  0.2  33232
21981  0.2  33232
21981  0.2  33232
21981  0.2  33232
21981  0.2  33232
21981  0.2  33232
21981  0.2  33232
21981  0.2  33232
21981  0.2  33232
21981  0.2  33232
21981  0.2  33236
21981  0.2  33236
21981  0.2  33236
21981  0.2  33236
21981  0.2  33236
21981  0.2  33236
21981  0.2  33236
21981  0.2  33236
21981  0.2  33236
21981  0.2  33236
21981  0.2  33236
21981  0.2  33236
21981  0.2  33236
21981  0.2  33240
21981  0.2  33240
21981  0.2  33240
21981  0.2  33240
21981  0.2  33240
21981  0.2  33240
21981  0.2  33240
21981  0.2  33240
21981  0.2  33240
21981  0.2  33240
21981  0.2  33240
21981  0.2  33240
21981  0.2  33240
21981  0.2  33240
