21139  1.2 109644
21139  4.0 329500
21139  4.0 329500
21139  4.0 329500
21139  4.0 329500
21139  4.0 329500
21139  0.2  33144
21139  0.2  33144
21139  0.2  33144
21139  0.2  33144
21139  0.2  33144
21139  0.2  33144
21139  0.2  33144
21139  0.2  33144
21139  0.2  33144
21139  0.2  33144
21139  0.2  33144
21139  0.2  33144
21139  0.2  33148
21139  0.2  33148
21139  0.2  33152
21139  0.2  33152
21139  0.2  33152
21139  0.2  33156
21139  0.2  33156
21139  0.2  33160
21139  0.2  33160
21139  0.2  33160
21139  0.2  33164
21139  0.2  33164
21139  0.2  33164
21139  0.2  33168
21139  0.2  33168
21139  0.2  33168
21139  0.2  33172
21139  0.2  33172
21139  0.2  33172
21139  0.2  33172
21139  0.2  33176
21139  0.2  33176
21139  0.2  33176
21139  0.2  33176
21139  0.2  33180
21139  0.2  33180
21139  0.2  33180
21139  0.2  33180
21139  0.2  33184
21139  0.2  33184
21139  0.2  33184
21139  0.2  33184
21139  0.2  33184
21139  0.2  33188
21139  0.2  33188
21139  0.2  33188
21139  0.2  33188
21139  0.2  33188
21139  0.2  33192
21139  0.2  33192
21139  0.2  33192
21139  0.2  33192
21139  0.2  33192
21139  0.2  33196
21139  0.2  33196
21139  0.2  33196
21139  0.2  33196
21139  0.2  33196
21139  0.2  33196
21139  0.2  33200
21139  0.2  33200
21139  0.2  33200
21139  0.2  33200
21139  0.2  33200
21139  0.2  33200
21139  0.2  33200
21139  0.2  33204
21139  0.2  33204
21139  0.2  33204
21139  0.2  33204
21139  0.2  33204
21139  0.2  33204
21139  0.2  33204
21139  0.2  33208
21139  0.2  33208
21139  0.2  33208
21139  0.2  33208
21139  0.2  33208
21139  0.2  33208
21139  0.2  33208
21139  0.2  33208
21139  0.2  33212
21139  0.2  33212
21139  0.2  33212
21139  0.2  33212
21139  0.2  33212
21139  0.2  33212
21139  0.2  33212
21139  0.2  33212
21139  0.2  33216
21139  0.2  33216
21139  0.2  33216
21139  0.2  33216
21139  0.2  33216
21139  0.2  33216
21139  0.2  33216
21139  0.2  33216
21139  0.2  33216
21139  0.2  33220
21139  0.2  33220
21139  0.2  33220
21139  0.2  33220
21139  0.2  33220
21139  0.2  33220
21139  0.2  33220
21139  0.2  33220
21139  0.2  33220
21139  0.2  33220
21139  0.2  33224
21139  0.2  33224
21139  0.2  33224
21139  0.2  33224
21139  0.2  33224
21139  0.2  33224
21139  0.2  33224
21139  0.2  33224
21139  0.2  33224
21139  0.2  33224
21139  0.2  33224
21139  0.2  33228
21139  0.2  33228
21139  0.2  33228
21139  0.2  33228
21139  0.2  33228
21139  0.2  33228
21139  0.2  33228
21139  0.2  33228
21139  0.2  33228
21139  0.2  33228
21139  0.2  33228
21139  0.2  33232
21139  0.2  33232
21139  0.2  33232
21139  0.2  33232
21139  0.2  33232
21139  0.2  33232
21139  0.2  33232
21139  0.2  33232
21139  0.2  33232
21139  0.2  33232
21139  0.2  33232
21139  0.2  33232
21139  0.2  33236
21139  0.2  33236
21139  0.2  33236
21139  0.2  33236
21139  0.2  33236
21139  0.2  33236
21139  0.2  33236
21139  0.2  33236
21139  0.2  33236
21139  0.2  33236
21139  0.2  33236
21139  0.2  33236
21139  0.2  33236
21139  0.2  33240
21139  0.2  33240
21139  0.2  33240
21139  0.2  33240
21139  0.2  33240
21139  0.2  33240
21139  0.2  33240
21139  0.2  33240
21139  0.2  33240
21139  0.2  33240
21139  0.2  33240
21139  0.2  33240
21139  0.2  33240
21139  0.2  33240
