20269  0.2  28528
20269  0.2  37944
20269  0.2  37944
20269  0.2  37944
20269  0.2  37944
20269  0.2  37944
20269  0.2  37944
20269  0.2  37944
20269  0.2  37944
20269  0.2  37944
20269  0.2  37944
20269  0.2  37944
20269  0.2  37948
20269  0.2  37948
20269  0.2  37952
20269  0.2  37952
20269  0.2  37956
20269  0.2  37956
20269  0.2  37960
20269  0.2  37960
20269  0.2  37960
20269  0.2  37964
20269  0.2  37964
20269  0.2  37964
20269  0.2  37968
20269  0.2  37968
20269  0.2  37968
20269  0.2  37972
20269  0.2  37972
20269  0.2  37972
20269  0.2  37976
20269  0.2  37976
20269  0.2  37976
20269  0.2  37976
20269  0.2  37980
20269  0.2  37980
20269  0.2  37980
20269  0.2  37980
20269  0.2  37984
20269  0.2  37984
20269  0.2  37984
20269  0.2  37984
20269  0.2  37984
20269  0.2  37988
20269  0.2  37988
20269  0.2  37988
20269  0.2  37988
20269  0.2  37988
20269  0.2  37992
20269  0.2  37992
20269  0.2  37992
20269  0.2  37992
20269  0.2  37992
20269  0.2  37992
20269  0.2  37996
20269  0.2  37996
20269  0.2  37996
20269  0.2  37996
20269  0.2  37996
20269  0.2  37996
20269  0.2  38000
20269  0.2  38000
20269  0.2  38000
20269  0.2  38000
20269  0.2  38000
20269  0.2  38000
20269  0.2  38000
20269  0.2  38004
20269  0.2  38004
20269  0.2  38004
20269  0.2  38004
20269  0.2  38004
20269  0.2  38004
20269  0.2  38004
20269  0.2  38008
20269  0.2  38008
20269  0.2  38008
20269  0.2  38008
20269  0.2  38008
20269  0.2  38008
20269  0.2  38008
20269  0.2  38012
20269  0.2  38012
20269  0.2  38012
20269  0.2  38012
20269  0.2  38012
20269  0.2  38012
20269  0.2  38012
20269  0.2  38012
20269  0.2  38012
20269  0.2  38016
20269  0.2  38016
20269  0.2  38016
20269  0.2  38016
20269  0.2  38016
20269  0.2  38016
20269  0.2  38016
20269  0.2  38016
20269  0.2  38016
20269  0.2  38020
20269  0.2  38020
20269  0.2  38020
20269  0.2  38020
20269  0.2  38020
20269  0.2  38020
20269  0.2  38020
20269  0.2  38020
20269  0.2  38020
20269  0.2  38020
20269  0.2  38024
20269  0.2  38024
20269  0.2  38024
20269  0.2  38024
20269  0.2  38024
20269  0.2  38024
20269  0.2  38024
20269  0.2  38024
20269  0.2  38024
20269  0.2  38024
20269  0.2  38028
20269  0.2  38028
20269  0.2  38028
20269  0.2  38028
20269  0.2  38028
20269  0.2  38028
20269  0.2  38028
20269  0.2  38028
20269  0.2  38028
20269  0.2  38028
20269  0.2  38028
20269  0.2  38032
20269  0.2  38032
20269  0.2  38032
20269  0.2  38032
20269  0.2  38032
20269  0.2  38032
20269  0.2  38032
20269  0.2  38032
20269  0.2  38032
20269  0.2  38032
20269  0.2  38032
20269  0.2  38032
20269  0.2  38036
20269  0.2  38036
20269  0.2  38036
20269  0.2  38036
20269  0.2  38036
20269  0.2  38036
20269  0.2  38036
20269  0.2  38036
20269  0.2  38036
20269  0.2  38036
20269  0.2  38036
20269  0.2  38036
20269  0.2  38036
20269  0.2  38040
20269  0.2  38040
20269  0.2  38040
20269  0.2  38040
20269  0.2  38040
20269  0.2  38040
20269  0.2  38040
20269  0.2  38040
20269  0.2  38040
20269  0.2  38040
20269  0.2  38040
20269  0.2  38040
20269  0.2  38040
