5 10 0.000478 0.000400
6 11 0.000398 0.000562
7 9 0.000608 0.000800
8 13 0.000705 0.000658
9 14 0.001069 0.001653
11 12 0.001486 0.001546
12 16 0.001569 0.001443
12 17 0.001749 0.001475
13 18 0.002117 0.001303
15 14 0.001818 0.001864
14 14 0.001836 0.002070
16 16 0.002480 0.002478
15 17 0.002997 0.002576
16 23 0.002980 0.002562
19 19 0.004881 0.003108
20 20 0.004846 0.003686
19 26 0.004651 0.003404
18 21 0.003500 0.004689
20 28 0.005566 0.003526
20 21 0.005380 0.004355
21 23 0.006575 0.005053
23 24 0.008038 0.005498
23 26 0.007378 0.006522
22 24 0.008423 0.005808
24 34 0.008654 0.008250
27 35 0.010608 0.008023
25 36 0.013588 0.007935
26 37 0.014336 0.009155
26 27 0.013088 0.009848
27 39 0.016425 0.010909
30 40 0.019360 0.013075
31 35 0.022940 0.014633
29 42 0.021162 0.013909
31 34 0.023369 0.015506
31 34 0.027272 0.017257
31 45 0.027359 0.018074
35 46 0.034439 0.019741
35 36 0.033414 0.023452
34 48 0.037865 0.020257
37 49 0.033683 0.025701
38 50 0.039053 0.025742
39 51 0.048510 0.028692
39 52 0.052700 0.030218
39 53 0.055429 0.030986
39 54 0.067269 0.035210
40 55 0.064190 0.035706
40 56 0.055729 0.036684
40 57 0.069385 0.040607
45 58 0.081591 0.046752
42 59 0.079765 0.043102
43 45 0.100186 0.046369
43 61 0.097842 0.050201
45 48 0.088368 0.056204
45 63 0.105387 0.057001
45 64 0.122218 0.060859
48 65 0.126666 0.082548
48 66 0.150859 0.066481
46 50 0.149383 0.077249
49 51 0.159827 0.074715
49 69 0.171586 0.078572
52 55 0.176993 0.091186
50 71 0.193836 0.082590
50 52 0.205226 0.092000
52 73 0.236452 0.095029
53 74 0.259824 0.101070
56 60 0.252675 0.121537
51 76 0.256530 0.104777
55 77 0.300016 0.110229
53 78 0.242366 0.119042
56 61 0.302102 0.127378
60 61 0.350112 0.133929
61 81 0.338100 0.150026
59 82 0.382565 0.159894
60 83 0.398983 0.154690
60 84 0.390811 0.171840
63 67 0.477472 0.177147
63 86 0.484390 0.169873
61 87 0.505315 0.173920
62 88 0.469382 0.193764
63 89 0.512457 0.182041
63 90 0.550629 0.196069
68 71 0.544147 0.237933
67 92 0.587260 0.226159
65 93 0.572943 0.221799
65 70 0.676094 0.224644
70 71 0.731615 0.244578
70 96 0.697293 0.274108
69 76 0.718942 0.279486
70 98 0.806586 0.297606
73 76 0.878992 0.290598
